[35m[Appium][39m Welcome to Appium v1.20.2
[35m[Appium][39m Non-default server args:
[35m[Appium][39m   port: 60533
[35m[Appium][39m   loglevel: info
[35m[Appium][39m   tmpDir: /var/folders/kc/3w5pkhs51131gfs_49pc92sm0000gn/T//Katalon/Appium/Temp1664345870308
[35m[Appium][39m   chromedriverPort: 60534
[35m[Appium][39m Deprecated server args:
[35m[Appium][39m   [31m--chromedriver-port[39m => --default-capabilities
[35m[Appium][39m Default capabilities, which will be added to each request unless overridden by desired capabilities:
[35m[Appium][39m   chromedriverPort: 60534
[35m[Appium][39m Appium REST http interface listener started on 0.0.0.0:60533
[35m[HTTP][39m [37m-->[39m [37mGET[39m [37m/wd/hub/status[39m
[35m[HTTP][39m [90m{}[39m
[35m[HTTP][39m [37m<-- GET /wd/hub/status [39m[32m200[39m [90m5 ms - 68[39m
[35m[HTTP][39m [90m[39m
[35m[HTTP][39m [37m-->[39m [37mGET[39m [37m/wd/hub/status[39m
[35m[HTTP][39m [90m{}[39m
[35m[HTTP][39m [37m<-- GET /wd/hub/status [39m[32m200[39m [90m1 ms - 68[39m
[35m[HTTP][39m [90m[39m
[35m[HTTP][39m [37m-->[39m [37mPOST[39m [37m/wd/hub/session[39m
[35m[HTTP][39m [90m{"desiredCapabilities":{"appActivity":".Settings","appPackage":"com.android.settings","newCommandTimeout":1800,"platformVersion":"11","automationName":"uiautomator2","autoGrantPermissions":true,"platformName":"Android","udid":"emulator-5554","deviceName":"emulator-5554 (sdk_gphone_x86 - Android 11)","platform":"ANDROID","systemPort":8254},"capabilities":{"firstMatch":[{"appium:appActivity":".Settings","appium:appPackage":"com.android.settings","appium:autoGrantPermissions":true,"appium:automationName":"uiautomator2","appium:deviceName":"emulator-5554 (sdk_gphone_x86 - Android 11)","appium:newCommandTimeout":1800,"platform":"ANDROID","platformName":"android","appium:platformVersion":"11","appium:systemPort":8254,"appium:udid":"emulator-5554"}]}}[39m
[35m[BaseDriver][39m The following capabilities are not standard capabilities and should have an extension prefix:
[35m[BaseDriver][39m   platform
[35m[BaseDriver][39m   chromedriverPort
[35m[Appium][39m Appium v1.20.2 creating new AndroidUiautomator2Driver (v1.61.2) session
[35m[BaseDriver][39m The following capabilities were provided, but are not recognized by Appium:
[35m[BaseDriver][39m   platform
[35m[BaseDriver][39m Session created with session id: af081538-e466-41c8-9803-c22809016742
[35m[UiAutomator2][39m Starting 'com.android.settings' directly on the device
[35m[ADB][39m Found 1 'build-tools' folders under '/Users/flavalize/.katalon/tools/android_sdk' (newest first):
[35m[ADB][39m     /Users/flavalize/.katalon/tools/android_sdk/build-tools/29.0.3
[35m[ADB][39m Using 'adb' from '/Users/flavalize/.katalon/tools/android_sdk/platform-tools/adb'
[35m[AndroidDriver][39m Retrieving device list
[35m[AndroidDriver][39m Using device: emulator-5554
[35m[ADB][39m Using 'adb' from '/Users/flavalize/.katalon/tools/android_sdk/platform-tools/adb'
[35m[ADB][39m Getting device platform version
[35m[UiAutomator2][39m Relaxing hidden api policy
[35m[AndroidDriver][39m No app sent in, not parsing package/activity
[35m[UiAutomator2][39m Server package at '/usr/local/lib/node_modules/appium/node_modules/appium-uiautomator2-server/apks/appium-uiautomator2-server-v4.17.4.apk' is not writeable. Will copy it into the temporary location at '/var/folders/kc/3w5pkhs51131gfs_49pc92sm0000gn/T/Katalon/Appium/Temp1664345870308/2022828-5756-1v60i6j.wbir' as a workaround. Consider making this file writeable manually in order to improve the performance of session startup.
[35m[UiAutomator2][39m Server package at '/usr/local/lib/node_modules/appium/node_modules/appium-uiautomator2-server/apks/appium-uiautomator2-server-debug-androidTest.apk' is not writeable. Will copy it into the temporary location at '/var/folders/kc/3w5pkhs51131gfs_49pc92sm0000gn/T/Katalon/Appium/Temp1664345870308/2022828-5756-1v60i6j.wbir' as a workaround. Consider making this file writeable manually in order to improve the performance of session startup.
[35m[ADB][39m Using 'apksigner.jar' from '/Users/flavalize/.katalon/tools/android_sdk/build-tools/29.0.3/lib/apksigner.jar'
[35m[ADB][39m '/var/folders/kc/3w5pkhs51131gfs_49pc92sm0000gn/T/Katalon/Appium/Temp1664345870308/2022828-5756-1v60i6j.wbir/appium-uiautomator2-server-v4.17.4.apk' is signed with the default certificate
[35m[ADB][39m '/var/folders/kc/3w5pkhs51131gfs_49pc92sm0000gn/T/Katalon/Appium/Temp1664345870308/2022828-5756-1v60i6j.wbir/appium-uiautomator2-server-debug-androidTest.apk' is signed with the default certificate
[35m[UiAutomator2][39m Server packages are not going to be (re)installed
[35m[ADB][39m Adding packages ["io.appium.settings","io.appium.uiautomator2.server","io.appium.uiautomator2.server.test"] to Doze whitelist
[35m[UiAutomator2][39m Starting UIAutomator2 server 4.17.4
[35m[UiAutomator2][39m Using UIAutomator2 server from '/usr/local/lib/node_modules/appium/node_modules/appium-uiautomator2-server/apks/appium-uiautomator2-server-v4.17.4.apk' and test from '/usr/local/lib/node_modules/appium/node_modules/appium-uiautomator2-server/apks/appium-uiautomator2-server-debug-androidTest.apk'
[35m[UiAutomator2][39m Waiting up to 30000ms for UiAutomator2 to be online...
[35m[WD Proxy][39m socket hang up
[35m[WD Proxy][39m socket hang up
[35m[WD Proxy][39m socket hang up
[35m[WD Proxy][39m socket hang up
[35m[WD Proxy][39m socket hang up
[35m[WD Proxy][39m socket hang up
[35m[WD Proxy][39m Determined the downstream protocol as 'W3C'
[35m[AndroidDriver][39m Screen already unlocked, doing nothing
[35m[UiAutomator2][39m Starting 'com.android.settings/.Settings and waiting for 'com.android.settings/.Settings'
[35m[Appium][39m New AndroidUiautomator2Driver session created successfully, session af081538-e466-41c8-9803-c22809016742 added to master session list
[35m[HTTP][39m [37m<-- POST /wd/hub/session [39m[32m200[39m [90m12702 ms - 1186[39m
[35m[HTTP][39m [90m[39m
[35m[HTTP][39m [37m-->[39m [37mGET[39m [37m/wd/hub/session/af081538-e466-41c8-9803-c22809016742[39m
[35m[HTTP][39m [90m{}[39m
[35m[HTTP][39m [37m<-- GET /wd/hub/session/af081538-e466-41c8-9803-c22809016742 [39m[32m200[39m [90m16 ms - 1140[39m
[35m[HTTP][39m [90m[39m
[35m[HTTP][39m [37m-->[39m [37mGET[39m [37m/wd/hub/session/af081538-e466-41c8-9803-c22809016742[39m
[35m[HTTP][39m [90m{}[39m
[35m[HTTP][39m [37m<-- GET /wd/hub/session/af081538-e466-41c8-9803-c22809016742 [39m[32m200[39m [90m10 ms - 1140[39m
[35m[HTTP][39m [90m[39m
[35m[HTTP][39m [37m-->[39m [37mGET[39m [37m/wd/hub/status[39m
[35m[HTTP][39m [90m{}[39m
[35m[HTTP][39m [37m<-- GET /wd/hub/status [39m[32m200[39m [90m1 ms - 68[39m
[35m[HTTP][39m [90m[39m
[35m[HTTP][39m [37m-->[39m [37mPOST[39m [37m/wd/hub/session/af081538-e466-41c8-9803-c22809016742/timeouts[39m
[35m[HTTP][39m [90m{"implicit":60000}[39m
[35m[HTTP][39m [37m<-- POST /wd/hub/session/af081538-e466-41c8-9803-c22809016742/timeouts [39m[32m200[39m [90m2 ms - 14[39m
[35m[HTTP][39m [90m[39m
[35m[HTTP][39m [37m-->[39m [37mGET[39m [37m/wd/hub/session/af081538-e466-41c8-9803-c22809016742/screenshot[39m
[35m[HTTP][39m [90m{}[39m
[35m[HTTP][39m [37m<-- GET /wd/hub/session/af081538-e466-41c8-9803-c22809016742/screenshot [39m[32m200[39m [90m711 ms - 229004[39m
[35m[HTTP][39m [90m[39m
[35m[HTTP][39m [37m-->[39m [37mGET[39m [37m/wd/hub/session/af081538-e466-41c8-9803-c22809016742/window/rect[39m
[35m[HTTP][39m [90m{}[39m
[35m[HTTP][39m [37m<-- GET /wd/hub/session/af081538-e466-41c8-9803-c22809016742/window/rect [39m[32m200[39m [90m21 ms - 50[39m
[35m[HTTP][39m [90m[39m
[35m[HTTP][39m [37m-->[39m [37mGET[39m [37m/wd/hub/session/af081538-e466-41c8-9803-c22809016742/appium/device/system_bars[39m
[35m[HTTP][39m [90m{}[39m
[35m[HTTP][39m [37m<-- GET /wd/hub/session/af081538-e466-41c8-9803-c22809016742/appium/device/system_bars [39m[32m200[39m [90m191 ms - 149[39m
[35m[HTTP][39m [90m[39m
[35m[HTTP][39m [37m-->[39m [37mPOST[39m [37m/wd/hub/session/af081538-e466-41c8-9803-c22809016742/appium/device/activate_app[39m
[35m[HTTP][39m [90m{"bundleId":"com.vq.mbrochuregp.client.android"}[39m
[35m[HTTP][39m [37m<-- POST /wd/hub/session/af081538-e466-41c8-9803-c22809016742/appium/device/activate_app [39m[32m200[39m [90m1710 ms - 14[39m
[35m[HTTP][39m [90m[39m
[35m[HTTP][39m [37m-->[39m [37mGET[39m [37m/wd/hub/session/af081538-e466-41c8-9803-c22809016742/source[39m
[35m[HTTP][39m [90m{}[39m
[35m[W3C (af081538)][39m Driver proxy active, passing request on via HTTP proxy
[35m[WD Proxy][39m Replacing sessionId e15856f2-4870-4e39-9d94-1c7c19aca56d with af081538-e466-41c8-9803-c22809016742
[35m[HTTP][39m [37m<-- GET /wd/hub/session/af081538-e466-41c8-9803-c22809016742/source [39m[32m200[39m [90m171 ms - 2333[39m
[35m[HTTP][39m [90m[39m
[35m[HTTP][39m [37m-->[39m [37mGET[39m [37m/wd/hub/session/af081538-e466-41c8-9803-c22809016742/screenshot[39m
[35m[HTTP][39m [90m{}[39m
[35m[HTTP][39m [37m<-- GET /wd/hub/session/af081538-e466-41c8-9803-c22809016742/screenshot [39m[32m200[39m [90m743 ms - 663826[39m
[35m[HTTP][39m [90m[39m
[35m[HTTP][39m [37m-->[39m [37mGET[39m [37m/wd/hub/session/af081538-e466-41c8-9803-c22809016742/source[39m
[35m[HTTP][39m [90m{}[39m
[35m[W3C (af081538)][39m Driver proxy active, passing request on via HTTP proxy
[35m[WD Proxy][39m Replacing sessionId e15856f2-4870-4e39-9d94-1c7c19aca56d with af081538-e466-41c8-9803-c22809016742
[35m[HTTP][39m [37m<-- GET /wd/hub/session/af081538-e466-41c8-9803-c22809016742/source [39m[32m200[39m [90m76 ms - 12907[39m
[35m[HTTP][39m [90m[39m
[35m[HTTP][39m [37m-->[39m [37mGET[39m [37m/wd/hub/session/af081538-e466-41c8-9803-c22809016742/screenshot[39m
[35m[HTTP][39m [90m{}[39m
[35m[HTTP][39m [37m<-- GET /wd/hub/session/af081538-e466-41c8-9803-c22809016742/screenshot [39m[32m200[39m [90m700 ms - 553440[39m
[35m[HTTP][39m [90m[39m
[35m[HTTP][39m [37m-->[39m [37mPOST[39m [37m/wd/hub/session/af081538-e466-41c8-9803-c22809016742/elements[39m
[35m[HTTP][39m [90m{"using":"xpath","value":"//*[@class = 'android.widget.TextView' and (@text = 'Daftar disini' or . = 'Daftar disini') and @resource-id = 'com.vq.mbrochuregp.client.android:id/tv_login_daftar']"}[39m
[35m[HTTP][39m [37m<-- POST /wd/hub/session/af081538-e466-41c8-9803-c22809016742/elements [39m[32m200[39m [90m206 ms - 139[39m
[35m[HTTP][39m [90m[39m
[35m[HTTP][39m [37m-->[39m [37mGET[39m [37m/wd/hub/session/af081538-e466-41c8-9803-c22809016742/window/rect[39m
[35m[HTTP][39m [90m{}[39m
[35m[HTTP][39m [37m<-- GET /wd/hub/session/af081538-e466-41c8-9803-c22809016742/window/rect [39m[32m200[39m [90m13 ms - 50[39m
[35m[HTTP][39m [90m[39m
[35m[HTTP][39m [37m-->[39m [37mPOST[39m [37m/wd/hub/session/af081538-e466-41c8-9803-c22809016742/elements[39m
[35m[HTTP][39m [90m{"using":"xpath","value":"//*[@class = 'android.widget.TextView' and (@text = 'Daftar disini' or . = 'Daftar disini') and @resource-id = 'com.vq.mbrochuregp.client.android:id/tv_login_daftar']"}[39m
[35m[HTTP][39m [37m<-- POST /wd/hub/session/af081538-e466-41c8-9803-c22809016742/elements [39m[32m200[39m [90m36 ms - 139[39m
[35m[HTTP][39m [90m[39m
[35m[HTTP][39m [37m-->[39m [37mGET[39m [37m/wd/hub/session/af081538-e466-41c8-9803-c22809016742/element/22e1a2d0-919c-4ce5-9ff2-7db5ba87dbcc/location[39m
[35m[HTTP][39m [90m{}[39m
[35m[W3C (af081538)][39m Driver proxy active, passing request on via HTTP proxy
[35m[WD Proxy][39m Replacing sessionId e15856f2-4870-4e39-9d94-1c7c19aca56d with af081538-e466-41c8-9803-c22809016742
[35m[HTTP][39m [37m<-- GET /wd/hub/session/af081538-e466-41c8-9803-c22809016742/element/22e1a2d0-919c-4ce5-9ff2-7db5ba87dbcc/location [39m[32m200[39m [90m14 ms - 79[39m
[35m[HTTP][39m [90m[39m
[35m[HTTP][39m [37m-->[39m [37mPOST[39m [37m/wd/hub/session/af081538-e466-41c8-9803-c22809016742/element/22e1a2d0-919c-4ce5-9ff2-7db5ba87dbcc/click[39m
[35m[HTTP][39m [90m{"id":"22e1a2d0-919c-4ce5-9ff2-7db5ba87dbcc"}[39m
[35m[HTTP][39m [37m<-- POST /wd/hub/session/af081538-e466-41c8-9803-c22809016742/element/22e1a2d0-919c-4ce5-9ff2-7db5ba87dbcc/click [39m[32m200[39m [90m56 ms - 14[39m
[35m[HTTP][39m [90m[39m
[35m[HTTP][39m [37m-->[39m [37mGET[39m [37m/wd/hub/session/af081538-e466-41c8-9803-c22809016742/source[39m
[35m[HTTP][39m [90m{}[39m
[35m[W3C (af081538)][39m Driver proxy active, passing request on via HTTP proxy
[35m[WD Proxy][39m Replacing sessionId e15856f2-4870-4e39-9d94-1c7c19aca56d with af081538-e466-41c8-9803-c22809016742
[35m[HTTP][39m [37m<-- GET /wd/hub/session/af081538-e466-41c8-9803-c22809016742/source [39m[32m200[39m [90m483 ms - 19004[39m
[35m[HTTP][39m [90m[39m
[35m[HTTP][39m [37m-->[39m [37mGET[39m [37m/wd/hub/session/af081538-e466-41c8-9803-c22809016742/screenshot[39m
[35m[HTTP][39m [90m{}[39m
[35m[HTTP][39m [37m<-- GET /wd/hub/session/af081538-e466-41c8-9803-c22809016742/screenshot [39m[32m200[39m [90m525 ms - 219582[39m
[35m[HTTP][39m [90m[39m
[35m[HTTP][39m [37m-->[39m [37mPOST[39m [37m/wd/hub/session/af081538-e466-41c8-9803-c22809016742/elements[39m
[35m[HTTP][39m [90m{"using":"xpath","value":"//*[@class = 'android.widget.EditText' and (@text = 'Nama' or . = 'Nama') and @resource-id = 'com.vq.mbrochuregp.client.android:id/et_sign_up_nama']"}[39m
[35m[HTTP][39m [37m<-- POST /wd/hub/session/af081538-e466-41c8-9803-c22809016742/elements [39m[32m200[39m [90m53 ms - 139[39m
[35m[HTTP][39m [90m[39m
[35m[HTTP][39m [37m-->[39m [37mGET[39m [37m/wd/hub/session/af081538-e466-41c8-9803-c22809016742/window/rect[39m
[35m[HTTP][39m [90m{}[39m
[35m[HTTP][39m [37m<-- GET /wd/hub/session/af081538-e466-41c8-9803-c22809016742/window/rect [39m[32m200[39m [90m13 ms - 50[39m
[35m[HTTP][39m [90m[39m
[35m[HTTP][39m [37m-->[39m [37mPOST[39m [37m/wd/hub/session/af081538-e466-41c8-9803-c22809016742/elements[39m
[35m[HTTP][39m [90m{"using":"xpath","value":"//*[@class = 'android.widget.EditText' and (@text = 'Nama' or . = 'Nama') and @resource-id = 'com.vq.mbrochuregp.client.android:id/et_sign_up_nama']"}[39m
[35m[HTTP][39m [37m<-- POST /wd/hub/session/af081538-e466-41c8-9803-c22809016742/elements [39m[32m200[39m [90m54 ms - 139[39m
[35m[HTTP][39m [90m[39m
[35m[HTTP][39m [37m-->[39m [37mGET[39m [37m/wd/hub/session/af081538-e466-41c8-9803-c22809016742/element/872cecd8-9268-4c9b-ac25-fefbfb35b08a/location[39m
[35m[HTTP][39m [90m{}[39m
[35m[W3C (af081538)][39m Driver proxy active, passing request on via HTTP proxy
[35m[WD Proxy][39m Replacing sessionId e15856f2-4870-4e39-9d94-1c7c19aca56d with af081538-e466-41c8-9803-c22809016742
[35m[HTTP][39m [37m<-- GET /wd/hub/session/af081538-e466-41c8-9803-c22809016742/element/872cecd8-9268-4c9b-ac25-fefbfb35b08a/location [39m[32m200[39m [90m18 ms - 77[39m
[35m[HTTP][39m [90m[39m
[35m[HTTP][39m [37m-->[39m [37mPOST[39m [37m/wd/hub/session/af081538-e466-41c8-9803-c22809016742/element/872cecd8-9268-4c9b-ac25-fefbfb35b08a/clear[39m
[35m[HTTP][39m [90m{"id":"872cecd8-9268-4c9b-ac25-fefbfb35b08a"}[39m
[35m[HTTP][39m [37m<-- POST /wd/hub/session/af081538-e466-41c8-9803-c22809016742/element/872cecd8-9268-4c9b-ac25-fefbfb35b08a/clear [39m[32m200[39m [90m20 ms - 14[39m
[35m[HTTP][39m [90m[39m
[35m[HTTP][39m [37m-->[39m [37mPOST[39m [37m/wd/hub/session/af081538-e466-41c8-9803-c22809016742/element/872cecd8-9268-4c9b-ac25-fefbfb35b08a/value[39m
[35m[HTTP][39m [90m{"id":"872cecd8-9268-4c9b-ac25-fefbfb35b08a","text":"dimas","value":["d","i","m","a","s"]}[39m
[35m[HTTP][39m [37m<-- POST /wd/hub/session/af081538-e466-41c8-9803-c22809016742/element/872cecd8-9268-4c9b-ac25-fefbfb35b08a/value [39m[32m200[39m [90m1012 ms - 14[39m
[35m[HTTP][39m [90m[39m
[35m[HTTP][39m [37m-->[39m [37mGET[39m [37m/wd/hub/session/af081538-e466-41c8-9803-c22809016742/source[39m
[35m[HTTP][39m [90m{}[39m
[35m[W3C (af081538)][39m Driver proxy active, passing request on via HTTP proxy
[35m[WD Proxy][39m Replacing sessionId e15856f2-4870-4e39-9d94-1c7c19aca56d with af081538-e466-41c8-9803-c22809016742
[35m[HTTP][39m [37m<-- GET /wd/hub/session/af081538-e466-41c8-9803-c22809016742/source [39m[32m200[39m [90m91 ms - 19005[39m
[35m[HTTP][39m [90m[39m
[35m[HTTP][39m [37m-->[39m [37mGET[39m [37m/wd/hub/session/af081538-e466-41c8-9803-c22809016742/screenshot[39m
[35m[HTTP][39m [90m{}[39m
[35m[HTTP][39m [37m<-- GET /wd/hub/session/af081538-e466-41c8-9803-c22809016742/screenshot [39m[32m200[39m [90m330 ms - 220872[39m
[35m[HTTP][39m [90m[39m
[35m[HTTP][39m [37m-->[39m [37mPOST[39m [37m/wd/hub/session/af081538-e466-41c8-9803-c22809016742/elements[39m
[35m[HTTP][39m [90m{"using":"xpath","value":"//*[@class = 'android.widget.EditText' and (@text = 'Tanggal Lahir' or . = 'Tanggal Lahir') and @resource-id = 'com.vq.mbrochuregp.client.android:id/et_sign_up_date_picker']"}[39m
[35m[HTTP][39m [37m<-- POST /wd/hub/session/af081538-e466-41c8-9803-c22809016742/elements [39m[32m200[39m [90m71 ms - 139[39m
[35m[HTTP][39m [90m[39m
[35m[HTTP][39m [37m-->[39m [37mGET[39m [37m/wd/hub/session/af081538-e466-41c8-9803-c22809016742/window/rect[39m
[35m[HTTP][39m [90m{}[39m
[35m[HTTP][39m [37m<-- GET /wd/hub/session/af081538-e466-41c8-9803-c22809016742/window/rect [39m[32m200[39m [90m7 ms - 50[39m
[35m[HTTP][39m [90m[39m
[35m[HTTP][39m [37m-->[39m [37mPOST[39m [37m/wd/hub/session/af081538-e466-41c8-9803-c22809016742/elements[39m
[35m[HTTP][39m [90m{"using":"xpath","value":"//*[@class = 'android.widget.EditText' and (@text = 'Tanggal Lahir' or . = 'Tanggal Lahir') and @resource-id = 'com.vq.mbrochuregp.client.android:id/et_sign_up_date_picker']"}[39m
[35m[HTTP][39m [37m<-- POST /wd/hub/session/af081538-e466-41c8-9803-c22809016742/elements [39m[32m200[39m [90m38 ms - 139[39m
[35m[HTTP][39m [90m[39m
[35m[HTTP][39m [37m-->[39m [37mGET[39m [37m/wd/hub/session/af081538-e466-41c8-9803-c22809016742/element/0c8ab61a-e44e-4580-b591-5061d8bd728b/location[39m
[35m[HTTP][39m [90m{}[39m
[35m[W3C (af081538)][39m Driver proxy active, passing request on via HTTP proxy
[35m[WD Proxy][39m Replacing sessionId e15856f2-4870-4e39-9d94-1c7c19aca56d with af081538-e466-41c8-9803-c22809016742
[35m[HTTP][39m [37m<-- GET /wd/hub/session/af081538-e466-41c8-9803-c22809016742/element/0c8ab61a-e44e-4580-b591-5061d8bd728b/location [39m[32m200[39m [90m14 ms - 78[39m
[35m[HTTP][39m [90m[39m
[35m[HTTP][39m [37m-->[39m [37mPOST[39m [37m/wd/hub/session/af081538-e466-41c8-9803-c22809016742/element/0c8ab61a-e44e-4580-b591-5061d8bd728b/click[39m
[35m[HTTP][39m [90m{"id":"0c8ab61a-e44e-4580-b591-5061d8bd728b"}[39m
[35m[HTTP][39m [37m<-- POST /wd/hub/session/af081538-e466-41c8-9803-c22809016742/element/0c8ab61a-e44e-4580-b591-5061d8bd728b/click [39m[32m200[39m [90m50 ms - 14[39m
[35m[HTTP][39m [90m[39m
[35m[HTTP][39m [37m-->[39m [37mGET[39m [37m/wd/hub/session/af081538-e466-41c8-9803-c22809016742/source[39m
[35m[HTTP][39m [90m{}[39m
[35m[W3C (af081538)][39m Driver proxy active, passing request on via HTTP proxy
[35m[WD Proxy][39m Replacing sessionId e15856f2-4870-4e39-9d94-1c7c19aca56d with af081538-e466-41c8-9803-c22809016742
[35m[HTTP][39m [37m<-- GET /wd/hub/session/af081538-e466-41c8-9803-c22809016742/source [39m[32m200[39m [90m69 ms - 10082[39m
[35m[HTTP][39m [90m[39m
[35m[HTTP][39m [37m-->[39m [37mGET[39m [37m/wd/hub/session/af081538-e466-41c8-9803-c22809016742/screenshot[39m
[35m[HTTP][39m [90m{}[39m
[35m[HTTP][39m [37m<-- GET /wd/hub/session/af081538-e466-41c8-9803-c22809016742/screenshot [39m[32m200[39m [90m434 ms - 173350[39m
[35m[HTTP][39m [90m[39m
[35m[HTTP][39m [37m-->[39m [37mGET[39m [37m/wd/hub/session/af081538-e466-41c8-9803-c22809016742/source[39m
[35m[HTTP][39m [90m{}[39m
[35m[W3C (af081538)][39m Driver proxy active, passing request on via HTTP proxy
[35m[WD Proxy][39m Replacing sessionId e15856f2-4870-4e39-9d94-1c7c19aca56d with af081538-e466-41c8-9803-c22809016742
[35m[HTTP][39m [37m<-- GET /wd/hub/session/af081538-e466-41c8-9803-c22809016742/source [39m[32m200[39m [90m28 ms - 10082[39m
[35m[HTTP][39m [90m[39m
[35m[HTTP][39m [37m-->[39m [37mGET[39m [37m/wd/hub/session/af081538-e466-41c8-9803-c22809016742/screenshot[39m
[35m[HTTP][39m [90m{}[39m
[35m[HTTP][39m [37m<-- GET /wd/hub/session/af081538-e466-41c8-9803-c22809016742/screenshot [39m[32m200[39m [90m324 ms - 173350[39m
[35m[HTTP][39m [90m[39m
[35m[HTTP][39m [37m-->[39m [37mPOST[39m [37m/wd/hub/session/af081538-e466-41c8-9803-c22809016742/elements[39m
[35m[HTTP][39m [90m{"using":"xpath","value":"//*[@class = 'android.widget.EditText' and (@text = '28' or . = '28') and @resource-id = 'android:id/numberpicker_input']"}[39m
[35m[HTTP][39m [37m<-- POST /wd/hub/session/af081538-e466-41c8-9803-c22809016742/elements [39m[32m200[39m [90m387 ms - 139[39m
[35m[HTTP][39m [90m[39m
[35m[HTTP][39m [37m-->[39m [37mGET[39m [37m/wd/hub/session/af081538-e466-41c8-9803-c22809016742/window/rect[39m
[35m[HTTP][39m [90m{}[39m
[35m[HTTP][39m [37m<-- GET /wd/hub/session/af081538-e466-41c8-9803-c22809016742/window/rect [39m[32m200[39m [90m7 ms - 50[39m
[35m[HTTP][39m [90m[39m
[35m[HTTP][39m [37m-->[39m [37mPOST[39m [37m/wd/hub/session/af081538-e466-41c8-9803-c22809016742/elements[39m
[35m[HTTP][39m [90m{"using":"xpath","value":"//*[@class = 'android.widget.EditText' and (@text = '28' or . = '28') and @resource-id = 'android:id/numberpicker_input']"}[39m
[35m[HTTP][39m [37m<-- POST /wd/hub/session/af081538-e466-41c8-9803-c22809016742/elements [39m[32m200[39m [90m24 ms - 139[39m
[35m[HTTP][39m [90m[39m
[35m[HTTP][39m [37m-->[39m [37mGET[39m [37m/wd/hub/session/af081538-e466-41c8-9803-c22809016742/element/dbc2ac9f-9c1c-45fd-ac49-f94bd468bcc1/location[39m
[35m[HTTP][39m [90m{}[39m
[35m[W3C (af081538)][39m Driver proxy active, passing request on via HTTP proxy
[35m[WD Proxy][39m Replacing sessionId e15856f2-4870-4e39-9d94-1c7c19aca56d with af081538-e466-41c8-9803-c22809016742
[35m[HTTP][39m [37m<-- GET /wd/hub/session/af081538-e466-41c8-9803-c22809016742/element/dbc2ac9f-9c1c-45fd-ac49-f94bd468bcc1/location [39m[32m200[39m [90m13 ms - 79[39m
[35m[HTTP][39m [90m[39m
[35m[HTTP][39m [37m-->[39m [37mPOST[39m [37m/wd/hub/session/af081538-e466-41c8-9803-c22809016742/element/dbc2ac9f-9c1c-45fd-ac49-f94bd468bcc1/click[39m
[35m[HTTP][39m [90m{"id":"dbc2ac9f-9c1c-45fd-ac49-f94bd468bcc1"}[39m
[35m[HTTP][39m [37m<-- POST /wd/hub/session/af081538-e466-41c8-9803-c22809016742/element/dbc2ac9f-9c1c-45fd-ac49-f94bd468bcc1/click [39m[32m200[39m [90m657 ms - 14[39m
[35m[HTTP][39m [90m[39m
[35m[HTTP][39m [37m-->[39m [37mGET[39m [37m/wd/hub/session/af081538-e466-41c8-9803-c22809016742/source[39m
[35m[HTTP][39m [90m{}[39m
[35m[W3C (af081538)][39m Driver proxy active, passing request on via HTTP proxy
[35m[WD Proxy][39m Replacing sessionId e15856f2-4870-4e39-9d94-1c7c19aca56d with af081538-e466-41c8-9803-c22809016742
[35m[HTTP][39m [37m<-- GET /wd/hub/session/af081538-e466-41c8-9803-c22809016742/source [39m[32m200[39m [90m42 ms - 10123[39m
[35m[HTTP][39m [90m[39m
[35m[HTTP][39m [37m-->[39m [37mGET[39m [37m/wd/hub/session/af081538-e466-41c8-9803-c22809016742/screenshot[39m
[35m[HTTP][39m [90m{}[39m
[35m[HTTP][39m [37m<-- GET /wd/hub/session/af081538-e466-41c8-9803-c22809016742/screenshot [39m[32m200[39m [90m317 ms - 174732[39m
[35m[HTTP][39m [90m[39m
[35m[HTTP][39m [37m-->[39m [37mPOST[39m [37m/wd/hub/session/af081538-e466-41c8-9803-c22809016742/elements[39m
[35m[HTTP][39m [90m{"using":"xpath","value":"//*[@class = 'android.widget.EditText' and (@text = 'Sep' or . = 'Sep') and @resource-id = 'android:id/numberpicker_input']"}[39m
[35m[HTTP][39m [37m<-- POST /wd/hub/session/af081538-e466-41c8-9803-c22809016742/elements [39m[32m200[39m [90m38 ms - 139[39m
[35m[HTTP][39m [90m[39m
[35m[HTTP][39m [37m-->[39m [37mGET[39m [37m/wd/hub/session/af081538-e466-41c8-9803-c22809016742/window/rect[39m
[35m[HTTP][39m [90m{}[39m
[35m[HTTP][39m [37m<-- GET /wd/hub/session/af081538-e466-41c8-9803-c22809016742/window/rect [39m[32m200[39m [90m11 ms - 50[39m
[35m[HTTP][39m [90m[39m
[35m[HTTP][39m [37m-->[39m [37mPOST[39m [37m/wd/hub/session/af081538-e466-41c8-9803-c22809016742/elements[39m
[35m[HTTP][39m [90m{"using":"xpath","value":"//*[@class = 'android.widget.EditText' and (@text = 'Sep' or . = 'Sep') and @resource-id = 'android:id/numberpicker_input']"}[39m
[35m[HTTP][39m [37m<-- POST /wd/hub/session/af081538-e466-41c8-9803-c22809016742/elements [39m[32m200[39m [90m30 ms - 139[39m
[35m[HTTP][39m [90m[39m
[35m[HTTP][39m [37m-->[39m [37mGET[39m [37m/wd/hub/session/af081538-e466-41c8-9803-c22809016742/element/3fdf9b6c-2279-4a0c-a7f1-4610f5d23853/location[39m
[35m[HTTP][39m [90m{}[39m
[35m[W3C (af081538)][39m Driver proxy active, passing request on via HTTP proxy
[35m[WD Proxy][39m Replacing sessionId e15856f2-4870-4e39-9d94-1c7c19aca56d with af081538-e466-41c8-9803-c22809016742
[35m[HTTP][39m [37m<-- GET /wd/hub/session/af081538-e466-41c8-9803-c22809016742/element/3fdf9b6c-2279-4a0c-a7f1-4610f5d23853/location [39m[32m200[39m [90m13 ms - 79[39m
[35m[HTTP][39m [90m[39m
[35m[HTTP][39m [37m-->[39m [37mPOST[39m [37m/wd/hub/session/af081538-e466-41c8-9803-c22809016742/element/3fdf9b6c-2279-4a0c-a7f1-4610f5d23853/click[39m
[35m[HTTP][39m [90m{"id":"3fdf9b6c-2279-4a0c-a7f1-4610f5d23853"}[39m
[35m[HTTP][39m [37m<-- POST /wd/hub/session/af081538-e466-41c8-9803-c22809016742/element/3fdf9b6c-2279-4a0c-a7f1-4610f5d23853/click [39m[32m200[39m [90m540 ms - 14[39m
[35m[HTTP][39m [90m[39m
[35m[HTTP][39m [37m-->[39m [37mGET[39m [37m/wd/hub/session/af081538-e466-41c8-9803-c22809016742/source[39m
[35m[HTTP][39m [90m{}[39m
[35m[W3C (af081538)][39m Driver proxy active, passing request on via HTTP proxy
[35m[WD Proxy][39m Replacing sessionId e15856f2-4870-4e39-9d94-1c7c19aca56d with af081538-e466-41c8-9803-c22809016742
[35m[HTTP][39m [37m<-- GET /wd/hub/session/af081538-e466-41c8-9803-c22809016742/source [39m[32m200[39m [90m47 ms - 10123[39m
[35m[HTTP][39m [90m[39m
[35m[HTTP][39m [37m-->[39m [37mGET[39m [37m/wd/hub/session/af081538-e466-41c8-9803-c22809016742/screenshot[39m
[35m[HTTP][39m [90m{}[39m
[35m[HTTP][39m [37m<-- GET /wd/hub/session/af081538-e466-41c8-9803-c22809016742/screenshot [39m[32m200[39m [90m573 ms - 174014[39m
[35m[HTTP][39m [90m[39m
[35m[HTTP][39m [37m-->[39m [37mPOST[39m [37m/wd/hub/session/af081538-e466-41c8-9803-c22809016742/elements[39m
[35m[HTTP][39m [90m{"using":"xpath","value":"//*[@class = 'android.widget.EditText' and (@text = '2022' or . = '2022') and @resource-id = 'android:id/numberpicker_input']"}[39m
[35m[HTTP][39m [37m<-- POST /wd/hub/session/af081538-e466-41c8-9803-c22809016742/elements [39m[32m200[39m [90m33 ms - 139[39m
[35m[HTTP][39m [90m[39m
[35m[HTTP][39m [37m-->[39m [37mGET[39m [37m/wd/hub/session/af081538-e466-41c8-9803-c22809016742/window/rect[39m
[35m[HTTP][39m [90m{}[39m
[35m[HTTP][39m [37m<-- GET /wd/hub/session/af081538-e466-41c8-9803-c22809016742/window/rect [39m[32m200[39m [90m13 ms - 50[39m
[35m[HTTP][39m [90m[39m
[35m[HTTP][39m [37m-->[39m [37mPOST[39m [37m/wd/hub/session/af081538-e466-41c8-9803-c22809016742/elements[39m
[35m[HTTP][39m [90m{"using":"xpath","value":"//*[@class = 'android.widget.EditText' and (@text = '2022' or . = '2022') and @resource-id = 'android:id/numberpicker_input']"}[39m
[35m[HTTP][39m [37m<-- POST /wd/hub/session/af081538-e466-41c8-9803-c22809016742/elements [39m[32m200[39m [90m27 ms - 139[39m
[35m[HTTP][39m [90m[39m
[35m[HTTP][39m [37m-->[39m [37mGET[39m [37m/wd/hub/session/af081538-e466-41c8-9803-c22809016742/element/eabd3f0d-fd5a-4b29-9215-82d15775c4fe/location[39m
[35m[HTTP][39m [90m{}[39m
[35m[W3C (af081538)][39m Driver proxy active, passing request on via HTTP proxy
[35m[WD Proxy][39m Replacing sessionId e15856f2-4870-4e39-9d94-1c7c19aca56d with af081538-e466-41c8-9803-c22809016742
[35m[HTTP][39m [37m<-- GET /wd/hub/session/af081538-e466-41c8-9803-c22809016742/element/eabd3f0d-fd5a-4b29-9215-82d15775c4fe/location [39m[32m200[39m [90m12 ms - 79[39m
[35m[HTTP][39m [90m[39m
[35m[HTTP][39m [37m-->[39m [37mPOST[39m [37m/wd/hub/session/af081538-e466-41c8-9803-c22809016742/element/eabd3f0d-fd5a-4b29-9215-82d15775c4fe/click[39m
[35m[HTTP][39m [90m{"id":"eabd3f0d-fd5a-4b29-9215-82d15775c4fe"}[39m
[35m[HTTP][39m [37m<-- POST /wd/hub/session/af081538-e466-41c8-9803-c22809016742/element/eabd3f0d-fd5a-4b29-9215-82d15775c4fe/click [39m[32m200[39m [90m38 ms - 14[39m
[35m[HTTP][39m [90m[39m
[35m[HTTP][39m [37m-->[39m [37mGET[39m [37m/wd/hub/session/af081538-e466-41c8-9803-c22809016742/source[39m
[35m[HTTP][39m [90m{}[39m
[35m[W3C (af081538)][39m Driver proxy active, passing request on via HTTP proxy
[35m[WD Proxy][39m Replacing sessionId e15856f2-4870-4e39-9d94-1c7c19aca56d with af081538-e466-41c8-9803-c22809016742
[35m[HTTP][39m [37m<-- GET /wd/hub/session/af081538-e466-41c8-9803-c22809016742/source [39m[32m200[39m [90m37 ms - 10123[39m
[35m[HTTP][39m [90m[39m
[35m[HTTP][39m [37m-->[39m [37mGET[39m [37m/wd/hub/session/af081538-e466-41c8-9803-c22809016742/screenshot[39m
[35m[HTTP][39m [90m{}[39m
[35m[HTTP][39m [37m<-- GET /wd/hub/session/af081538-e466-41c8-9803-c22809016742/screenshot [39m[32m200[39m [90m344 ms - 174770[39m
[35m[HTTP][39m [90m[39m
[35m[HTTP][39m [37m-->[39m [37mPOST[39m [37m/wd/hub/session/af081538-e466-41c8-9803-c22809016742/elements[39m
[35m[HTTP][39m [90m{"using":"xpath","value":"//*[@class = 'android.widget.Button' and (@text = 'OK' or . = 'OK') and @resource-id = 'android:id/button1']"}[39m
[35m[HTTP][39m [37m<-- POST /wd/hub/session/af081538-e466-41c8-9803-c22809016742/elements [39m[32m200[39m [90m53 ms - 139[39m
[35m[HTTP][39m [90m[39m
[35m[HTTP][39m [37m-->[39m [37mGET[39m [37m/wd/hub/session/af081538-e466-41c8-9803-c22809016742/window/rect[39m
[35m[HTTP][39m [90m{}[39m
[35m[HTTP][39m [37m<-- GET /wd/hub/session/af081538-e466-41c8-9803-c22809016742/window/rect [39m[32m200[39m [90m7 ms - 50[39m
[35m[HTTP][39m [90m[39m
[35m[HTTP][39m [37m-->[39m [37mPOST[39m [37m/wd/hub/session/af081538-e466-41c8-9803-c22809016742/elements[39m
[35m[HTTP][39m [90m{"using":"xpath","value":"//*[@class = 'android.widget.Button' and (@text = 'OK' or . = 'OK') and @resource-id = 'android:id/button1']"}[39m
[35m[HTTP][39m [37m<-- POST /wd/hub/session/af081538-e466-41c8-9803-c22809016742/elements [39m[32m200[39m [90m32 ms - 139[39m
[35m[HTTP][39m [90m[39m
[35m[HTTP][39m [37m-->[39m [37mGET[39m [37m/wd/hub/session/af081538-e466-41c8-9803-c22809016742/element/f689e074-0d98-4653-b12a-c047173c4ced/location[39m
[35m[HTTP][39m [90m{}[39m
[35m[W3C (af081538)][39m Driver proxy active, passing request on via HTTP proxy
[35m[WD Proxy][39m Replacing sessionId e15856f2-4870-4e39-9d94-1c7c19aca56d with af081538-e466-41c8-9803-c22809016742
[35m[HTTP][39m [37m<-- GET /wd/hub/session/af081538-e466-41c8-9803-c22809016742/element/f689e074-0d98-4653-b12a-c047173c4ced/location [39m[32m200[39m [90m12 ms - 79[39m
[35m[HTTP][39m [90m[39m
[35m[HTTP][39m [37m-->[39m [37mPOST[39m [37m/wd/hub/session/af081538-e466-41c8-9803-c22809016742/element/f689e074-0d98-4653-b12a-c047173c4ced/click[39m
[35m[HTTP][39m [90m{"id":"f689e074-0d98-4653-b12a-c047173c4ced"}[39m
[35m[HTTP][39m [37m<-- POST /wd/hub/session/af081538-e466-41c8-9803-c22809016742/element/f689e074-0d98-4653-b12a-c047173c4ced/click [39m[32m200[39m [90m46 ms - 14[39m
[35m[HTTP][39m [90m[39m
[35m[HTTP][39m [37m-->[39m [37mGET[39m [37m/wd/hub/session/af081538-e466-41c8-9803-c22809016742/source[39m
[35m[HTTP][39m [90m{}[39m
[35m[W3C (af081538)][39m Driver proxy active, passing request on via HTTP proxy
[35m[WD Proxy][39m Replacing sessionId e15856f2-4870-4e39-9d94-1c7c19aca56d with af081538-e466-41c8-9803-c22809016742
[35m[HTTP][39m [37m<-- GET /wd/hub/session/af081538-e466-41c8-9803-c22809016742/source [39m[32m200[39m [90m208 ms - 19424[39m
[35m[HTTP][39m [90m[39m
[35m[HTTP][39m [37m-->[39m [37mGET[39m [37m/wd/hub/session/af081538-e466-41c8-9803-c22809016742/screenshot[39m
[35m[HTTP][39m [90m{}[39m
[35m[HTTP][39m [37m<-- GET /wd/hub/session/af081538-e466-41c8-9803-c22809016742/screenshot [39m[32m200[39m [90m354 ms - 240146[39m
[35m[HTTP][39m [90m[39m
[35m[HTTP][39m [37m-->[39m [37mDELETE[39m [37m/wd/hub/session/af081538-e466-41c8-9803-c22809016742[39m
[35m[HTTP][39m [90m{}[39m
[35m[Appium][39m Removing session af081538-e466-41c8-9803-c22809016742 from our master session list
[35m[UiAutomator2][39m Restoring hidden api policy to the device default configuration
[35m[HTTP][39m [37m<-- DELETE /wd/hub/session/af081538-e466-41c8-9803-c22809016742 [39m[32m200[39m [90m228 ms - 14[39m
[35m[HTTP][39m [90m[39m
